<?xml version="1.0" encoding="UTF-8"?>
<!-- Generated by org.testng.reporters.JUnitReportReporter -->
<testsuite hostname="LAPTOP-OS77LBS0" failures="0" tests="1" name="com.talentsavvy.qa.test.Atest" time="1.897" errors="0" timestamp="2023-04-09T11:32:09 IST" skipped="0">
  <testcase classname="com.talentsavvy.qa.test.Atest" name="test" time="1.897"/>
  <system-out/>
</testsuite> <!-- com.talentsavvy.qa.test.Atest -->
