<?xml version="1.0" encoding="UTF-8"?>
<!-- Generated by org.testng.reporters.JUnitReportReporter -->
<testsuite hostname="LAPTOP-OS77LBS0" failures="0" tests="1" name="com.talentsavvy.qa.test.PostRequestTestCases" time="1.583" errors="0" timestamp="2023-04-13T17:40:27 IST" skipped="0">
  <testcase classname="com.talentsavvy.qa.test.PostRequestTestCases" name="verifyCreateUserApiTest" time="1.583"/>
  <system-out/>
</testsuite> <!-- com.talentsavvy.qa.test.PostRequestTestCases -->
