<?xml version="1.0" encoding="UTF-8"?>
<!-- Generated by org.testng.reporters.JUnitReportReporter -->
<testsuite hostname="LAPTOP-OS77LBS0" failures="0" tests="1" name="com.talentsavvy.qa.test.Login" time="2.843" errors="0" timestamp="2023-04-08T18:23:36 IST" skipped="0">
  <testcase classname="com.talentsavvy.qa.test.Login" name="data" time="2.843"/>
  <system-out/>
</testsuite> <!-- com.talentsavvy.qa.test.Login -->
