<?xml version="1.0" encoding="UTF-8"?>
<!-- Generated by org.testng.reporters.JUnitReportReporter -->
<testsuite hostname="LAPTOP-OS77LBS0" failures="0" tests="5" name="com.talentsavvy.qa.test.ApiTestCases" time="3.782" errors="0" timestamp="2023-04-18T15:42:29 IST" skipped="0">
  <testcase classname="com.talentsavvy.qa.test.ApiTestCases" name="PostparameterRequest" time="2.449"/>
  <system-out/>
  <testcase classname="com.talentsavvy.qa.test.ApiTestCases" name="verifyCreateUserApiTest" time="0.437"/>
  <system-out/>
  <testcase classname="com.talentsavvy.qa.test.ApiTestCases" name="verifyGetUserAPiTest" time="0.121"/>
  <system-out/>
  <testcase classname="com.talentsavvy.qa.test.ApiTestCases" name="verifyUpdateUserApiTest" time="0.444"/>
  <system-out/>
  <testcase classname="com.talentsavvy.qa.test.ApiTestCases" name="verifyDeleteUserApiTest" time="0.331"/>
  <system-out/>
</testsuite> <!-- com.talentsavvy.qa.test.ApiTestCases -->
