<?xml version="1.0" encoding="UTF-8"?>
<!-- Generated by org.testng.reporters.JUnitReportReporter -->
<testsuite hostname="LAPTOP-OS77LBS0" failures="0" tests="1" name="com.talentsavvy.qa.base.JsonData" time="0.047" errors="0" timestamp="2023-05-03T18:56:06 IST" skipped="0">
  <testcase classname="com.talentsavvy.qa.base.JsonData" name="test" time="0.047"/>
  <system-out/>
</testsuite> <!-- com.talentsavvy.qa.base.JsonData -->
